==============================================================================
================================ GZ SISTEMAS =================================
======================== MIGRAÇÃO DE BANCOS DE DADOS =========================
==============================================================================

[14:12:25] Application started
[14:12:55] Testing connection with mysql in 127.0.0.1
[14:12:56] Connection parameters are correct
[14:13:07] Testing connection with postgreesql in 127.0.0.1
[14:13:07] Connection parameters are correct
[14:13:08] New software: mercatto
[14:13:08] Old software: mrs
[14:13:08] Trying to connect to server 127.0.0.1
[14:13:08] Database type: MySQL
[14:13:08] Database name: mercattodb2
[14:13:08] Port: 3306
[14:13:08] Username: root
[14:13:08] Using password: yes
[14:13:08] Connected
[14:13:08] Trying to connect to server 127.0.0.1
[14:13:08] Database type: PostgreeSQL
[14:13:08] Database name: mrs
[14:13:08] Port: 5432
[14:13:08] Username: postgres
[14:13:08] Using password: yes
[14:13:08] Connected
[14:13:08] Trying to count 'produto'
[14:13:08] Retrieving SQL statement from file 'getProduto.txt'
[14:13:08] Reading file C:\Java\SE Workspace\GZMigration for JET\data\mrs\getproduto.txt
[14:13:10] Trying to count 'grupo'
[14:13:10] Retrieving SQL statement from file 'getGrupo.txt'
[14:13:10] Reading file C:\Java\SE Workspace\GZMigration for JET\data\mrs\getgrupo.txt
[14:13:10] Total number of retrieved rows: 20133
[14:13:10] Append: false
[14:13:13] Deleting 'produto'
[14:13:13] Inserting 'produto'
[15:17:45] Deleting 'grupo'
[15:17:45] Inserting 'grupo'
[15:17:45] Data migration finished
[16:24:09] Application finished
