==============================================================================
================================ GZ SISTEMAS =================================
======================== MIGRAÇÃO DE BANCOS DE DADOS =========================
==============================================================================

[14:10:31] Application started
[14:10:54] Testing connection with mysql in 127.0.0.1
[14:10:55] Connection parameters are correct
[14:11:14] Testing connection with postgreesql in 127.0.0.1
[14:11:14] Connection parameters are correct
[14:11:16] New software: mercatto
[14:11:16] Old software: mrs
[14:11:16] Trying to connect to server 127.0.0.1
[14:11:16] Database type: MySQL
[14:11:16] Database name: mercattodb2
[14:11:16] Port: 3306
[14:11:16] Username: root
[14:11:16] Using password: yes
[14:11:16] Connected
[14:11:16] Trying to connect to server 127.0.0.1
[14:11:16] Database type: PostgreeSQL
[14:11:16] Database name: mrs
[14:11:16] Port: 5432
[14:11:16] Username: postgres
[14:11:16] Using password: yes
[14:11:16] Connected
[14:11:16] Trying to count 'produto'
[14:11:16] Retrieving SQL statement from file 'getProduto.txt'
[14:11:16] Reading file C:\Java\SE Workspace\GZMigration for JET\data\mrs\getproduto.txt
[14:11:17] Trying to count 'grupo'
[14:11:17] Retrieving SQL statement from file 'getGrupo.txt'
[14:11:17] Reading file C:\Java\SE Workspace\GZMigration for JET\data\mrs\getgrupo.txt
[14:11:17] Total number of retrieved rows: 20133
[14:11:17] Append: false
[14:11:32] Application finished
